<?xml version="1.0" encoding="UTF-8"?>
<!-- Generated by org.testng.reporters.JUnitReportReporter -->
<testsuite hostname="NeeruPuneetKakkar" failures="0" tests="1" name="com.gcr.scripts.TC2" time="2.163" errors="0" timestamp="2023-02-19T12:55:13 PST" skipped="0">
  <testcase classname="com.gcr.scripts.TC2" name="Login_LogoutTestCaseExcel" time="2.163"/>
  <system-out/>
</testsuite> <!-- com.gcr.scripts.TC2 -->
