<?xml version="1.0" encoding="UTF-8"?>
<!-- Generated by org.testng.reporters.JUnitReportReporter -->
<testsuite hostname="NeeruPuneetKakkar" failures="0" tests="1" name="com.gcr.scripts.TC3" time="2.190" errors="0" timestamp="2023-02-19T12:55:13 PST" skipped="0">
  <testcase classname="com.gcr.scripts.TC3" name="Select_Prodcuts" time="2.190"/>
  <system-out/>
</testsuite> <!-- com.gcr.scripts.TC3 -->
