<?xml version="1.0" encoding="UTF-8"?>
<!-- Generated by org.testng.reporters.JUnitReportReporter -->
<testsuite hostname="NeeruPuneetKakkar" failures="0" tests="1" name="com.gcr.scripts.TC5_DragDrop" time="24.338" errors="0" timestamp="2023-02-26T00:17:44 PST" skipped="0">
  <testcase classname="com.gcr.scripts.TC5_DragDrop" name="Drag_Drop" time="24.338"/>
  <system-out/>
</testsuite> <!-- com.gcr.scripts.TC5_DragDrop -->
