<?xml version="1.0" encoding="UTF-8"?>
<!-- Generated by org.testng.reporters.JUnitReportReporter -->
<testsuite hostname="NeeruPuneetKakkar" failures="0" tests="1" name="com.gcr.scripts.TC4_WebTables_Handling" time="3.022" errors="0" timestamp="2023-02-22T22:50:38 PST" skipped="0">
  <testcase classname="com.gcr.scripts.TC4_WebTables_Handling" name="Table_Elements" time="3.022"/>
  <system-out/>
</testsuite> <!-- com.gcr.scripts.TC4_WebTables_Handling -->
